\BOOKMARK [1][-]{toc1.1}{\376\377\000C\000o\000n\000t\000e\000n\000t\000s}{}% 1
\BOOKMARK [1][-]{toc2.1}{\376\377\000L\000i\000s\000t\000\040\000o\000f\000\040\000F\000i\000g\000u\000r\000e\000s}{}% 2
\BOOKMARK [0][-]{chapter*.3}{\376\377\000F\000i\000g\000u\000r\000e\000\040\000L\000i\000s\000t}{}% 3
\BOOKMARK [1][-]{toc3.1}{\376\377\000L\000i\000s\000t\000\040\000o\000f\000\040\000T\000a\000b\000l\000e\000s}{chapter*.3}% 4
\BOOKMARK [0][-]{chapter*.4}{\376\377\000T\000a\000b\000l\000e\000\040\000L\000i\000s\000t}{}% 5
\BOOKMARK [0][-]{chapter*.5}{\376\377\000A\000l\000g\000o\000r\000i\000t\000h\000m\000\040\000L\000i\000s\000t}{}% 6
\BOOKMARK [0][-]{mychaptercounter.1}{\376\377\0001\000\040\000I\000n\000t\000r\000o\000d\000u\000\347\000\343\000o}{}% 7
\BOOKMARK [1][-]{section.1.1}{\376\377\0001\000.\0001\000\040\000M\000o\000t\000i\000v\000a\000\347\000\343\000o}{mychaptercounter.1}% 8
\BOOKMARK [2][-]{subsection.1.1.1}{\376\377\0001\000.\0001\000.\0001\000\040\000C\000o\000n\000t\000e\000x\000t\000o\000,\000\040\000r\000e\000l\000e\000v\000\342\000n\000c\000i\000a\000\040\000e\000\040\000l\000a\000c\000u\000n\000a\000\040\000c\000i\000e\000n\000t\000\355\000f\000i\000c\000a}{section.1.1}% 9
\BOOKMARK [2][-]{subsection.1.1.2}{\376\377\0001\000.\0001\000.\0002\000\040\000O\000\040\000p\000r\000o\000b\000l\000e\000m\000a\000\040\000d\000e\000\040\000o\000t\000i\000m\000i\000z\000a\000\347\000\343\000o\000\040\000d\000e\000\040\000i\000n\000v\000e\000n\000t\000\341\000r\000i\000o\000\040\000e\000m\000\040\000r\000e\000d\000e\000s\000\040\000v\000a\000r\000e\000j\000i\000s\000t\000a\000s}{section.1.1}% 10
\BOOKMARK [2][-]{subsection.1.1.3}{\376\377\0001\000.\0001\000.\0003\000\040\000P\000r\000e\000v\000i\000s\000\343\000o\000\040\000d\000e\000\040\000d\000e\000m\000a\000n\000d\000a\000\040\000c\000o\000m\000o\000\040\000m\000\363\000d\000u\000l\000o\000\040\000a\000u\000x\000i\000l\000i\000a\000r\000\040\000d\000e\000\040\000f\000e\000a\000t\000u\000r\000e\000s}{section.1.1}% 11
\BOOKMARK [2][-]{subsection.1.1.4}{\376\377\0001\000.\0001\000.\0004\000\040\000V\000a\000l\000i\000d\000a\000\347\000\343\000o\000\040\000e\000s\000t\000a\000t\000\355\000s\000t\000i\000c\000a\000\040\000r\000i\000g\000o\000r\000o\000s\000a}{section.1.1}% 12
\BOOKMARK [2][-]{subsection.1.1.5}{\376\377\0001\000.\0001\000.\0005\000\040\000E\000s\000c\000a\000l\000a\000,\000\040\000r\000e\000p\000r\000o\000d\000u\000t\000i\000b\000i\000l\000i\000d\000a\000d\000e\000\040\000e\000\040\000m\000o\000t\000i\000v\000a\000\347\000\343\000o\000\040\000p\000a\000r\000a\000\040\000o\000\040\000p\000i\000p\000e\000l\000i\000n\000e\000\040\000K\000e\000d\000r\000o}{section.1.1}% 13
\BOOKMARK [2][-]{subsection.1.1.6}{\376\377\0001\000.\0001\000.\0006\000\040\000Q\000u\000e\000s\000t\000\365\000e\000s\000\040\000d\000e\000\040\000p\000e\000s\000q\000u\000i\000s\000a\000\040\000e\000\040\000h\000i\000p\000\363\000t\000e\000s\000e\000\040\000c\000e\000n\000t\000r\000a\000l}{section.1.1}% 14
\BOOKMARK [1][-]{section.1.2}{\376\377\0001\000.\0002\000\040\000T\000r\000a\000b\000a\000l\000h\000o\000s\000\040\000R\000e\000l\000a\000c\000i\000o\000n\000a\000d\000o\000s}{mychaptercounter.1}% 15
\BOOKMARK [2][-]{subsection.1.2.1}{\376\377\0001\000.\0002\000.\0001\000\040\000C\000o\000n\000t\000r\000o\000l\000e\000\040\000d\000e\000\040\000i\000n\000v\000e\000n\000t\000\341\000r\000i\000o\000\040\000e\000m\000\040\000r\000e\000d\000e\000s\000\040\000v\000a\000r\000e\000j\000i\000s\000t\000a\000s\000:\000\040\000f\000u\000n\000d\000a\000m\000e\000n\000t\000o\000s\000\040\000e\000\040\000t\000i\000p\000o\000l\000o\000g\000i\000a\000s}{section.1.2}% 16
\BOOKMARK [2][-]{subsection.1.2.2}{\376\377\0001\000.\0002\000.\0002\000\040\000P\000r\000e\000v\000i\000s\000\343\000o\000\040\000d\000e\000\040\000d\000e\000m\000a\000n\000d\000a\000\040\000i\000n\000t\000e\000r\000m\000i\000t\000e\000n\000t\000e\000:\000\040\000m\000o\000d\000e\000l\000o\000s\000\040\000e\000\040\000m\000\351\000t\000r\000i\000c\000a\000s}{section.1.2}% 17
\BOOKMARK [2][-]{subsection.1.2.3}{\376\377\0001\000.\0002\000.\0003\000\040\000M\000e\000t\000a\000-\000h\000e\000u\000r\000\355\000s\000t\000i\000c\000a\000s\000\040\000e\000\040\000a\000p\000r\000e\000n\000d\000i\000z\000a\000d\000o\000\040\000p\000o\000r\000\040\000r\000e\000f\000o\000r\000\347\000o\000\040\000p\000a\000r\000a\000\040\000c\000o\000n\000t\000r\000o\000l\000e\000\040\000d\000e\000\040\000e\000s\000t\000o\000q\000u\000e\000s}{section.1.2}% 18
\BOOKMARK [2][-]{subsection.1.2.4}{\376\377\0001\000.\0002\000.\0004\000\040\000S\000e\000l\000e\000\347\000\343\000o\000\040\000a\000d\000a\000p\000t\000a\000t\000i\000v\000a\000\040\000d\000e\000\040\000p\000o\000l\000\355\000t\000i\000c\000a\000:\000\040\000A\000l\000g\000o\000r\000i\000t\000h\000m\000\040\000S\000e\000l\000e\000c\000t\000i\000o\000n\000\040\000P\000r\000o\000b\000l\000e\000m\000,\000\040\000h\000y\000p\000e\000r\000-\000h\000e\000u\000r\000i\000s\000t\000i\000c\000s\000\040\000e\000\040\000m\000e\000t\000a\000-\000a\000p\000r\000e\000n\000d\000i\000z\000a\000d\000o}{section.1.2}% 19
\BOOKMARK [2][-]{subsection.1.2.5}{\376\377\0001\000.\0002\000.\0005\000\040\000A\000r\000q\000u\000i\000t\000e\000t\000u\000r\000a\000s\000\040\000h\000\355\000b\000r\000i\000d\000a\000s\000\040\000G\000A\000-\000R\000L\000\040\000e\000\040\000p\000o\000s\000i\000c\000i\000o\000n\000a\000m\000e\000n\000t\000o\000\040\000d\000o\000\040\000A\000I\000P\000E}{section.1.2}% 20
\BOOKMARK [1][-]{section.1.3}{\376\377\0001\000.\0003\000\040\000O\000b\000j\000e\000t\000i\000v\000o\000s}{mychaptercounter.1}% 21
\BOOKMARK [0][-]{mychaptercounter.2}{\376\377\0002\000\040\000R\000e\000f\000e\000r\000e\000n\000c\000i\000a\000l\000\040\000T\000e\000\363\000r\000i\000c\000o}{}% 22
\BOOKMARK [1][-]{section.2.1}{\376\377\0002\000.\0001\000\040\000D\000e\000m\000a\000n\000d\000a\000\040\000I\000n\000t\000e\000r\000m\000i\000t\000e\000n\000t\000e\000:\000\040\000D\000e\000f\000i\000n\000i\000\347\000\343\000o\000\040\000e\000\040\000C\000a\000r\000a\000c\000t\000e\000r\000i\000z\000a\000\347\000\343\000o}{mychaptercounter.2}% 23
\BOOKMARK [2][-]{subsection.2.1.1}{\376\377\0002\000.\0001\000.\0001\000\040\000C\000o\000n\000c\000e\000i\000t\000o\000\040\000e\000\040\000R\000e\000l\000e\000v\000\342\000n\000c\000i\000a}{section.2.1}% 24
\BOOKMARK [2][-]{subsection.2.1.2}{\376\377\0002\000.\0001\000.\0002\000\040\000T\000a\000x\000o\000n\000o\000m\000i\000a\000\040\000d\000e\000\040\000S\000y\000n\000t\000e\000t\000o\000s\000-\000B\000o\000y\000l\000a\000n\000\040\000\050\000A\000D\000I\000\040\000\040\000C\000V\0002\000\051}{section.2.1}% 25
\BOOKMARK [2][-]{subsection.2.1.3}{\376\377\0002\000.\0001\000.\0003\000\040\000I\000m\000p\000l\000i\000c\000a\000\347\000\365\000e\000s\000\040\000p\000a\000r\000a\000\040\000P\000o\000l\000\355\000t\000i\000c\000a\000\040\000d\000e\000\040\000R\000e\000p\000o\000s\000i\000\347\000\343\000o}{section.2.1}% 26
\BOOKMARK [1][-]{section.2.2}{\376\377\0002\000.\0002\000\040\000P\000o\000l\000\355\000t\000i\000c\000a\000s\000\040\000d\000e\000\040\000C\000o\000n\000t\000r\000o\000l\000e\000\040\000d\000e\000\040\000I\000n\000v\000e\000n\000t\000\341\000r\000i\000o}{mychaptercounter.2}% 27
\BOOKMARK [2][-]{subsection.2.2.1}{\376\377\0002\000.\0002\000.\0001\000\040\000F\000o\000r\000m\000u\000l\000a\000\347\000\343\000o\000\040\000d\000o\000\040\000P\000r\000o\000b\000l\000e\000m\000a\000\040\000d\000e\000\040\000C\000o\000n\000t\000r\000o\000l\000e}{section.2.2}% 28
\BOOKMARK [2][-]{subsection.2.2.2}{\376\377\0002\000.\0002\000.\0002\000\040\000P\000o\000l\000\355\000t\000i\000c\000a\000s\000\040\000C\000l\000\341\000s\000s\000i\000c\000a\000s}{section.2.2}% 29
\BOOKMARK [2][-]{subsection.2.2.3}{\376\377\0002\000.\0002\000.\0003\000\040\000M\000e\000t\000a\000-\000H\000e\000u\000r\000\355\000s\000t\000i\000c\000a\000s\000\040\000d\000e\000\040\000O\000t\000i\000m\000i\000z\000a\000\347\000\343\000o}{section.2.2}% 30
\BOOKMARK [2][-]{subsection.2.2.4}{\376\377\0002\000.\0002\000.\0004\000\040\000A\000g\000e\000n\000t\000e\000s\000\040\000d\000e\000\040\000A\000p\000r\000e\000n\000d\000i\000z\000a\000d\000o\000\040\000p\000o\000r\000\040\000R\000e\000f\000o\000r\000\347\000o}{section.2.2}% 31
\BOOKMARK [2][-]{subsection.2.2.5}{\376\377\0002\000.\0002\000.\0005\000\040\000A\000r\000q\000u\000i\000t\000e\000t\000u\000r\000a\000\040\000H\000\355\000b\000r\000i\000d\000a\000\040\000G\000A\000-\000R\000L}{section.2.2}% 32
\BOOKMARK [1][-]{section.2.3}{\376\377\0002\000.\0003\000\040\000M\000\351\000t\000r\000i\000c\000a\000s\000\040\000d\000e\000\040\000Q\000u\000a\000l\000i\000d\000a\000d\000e\000\040\000d\000e\000\040\000P\000r\000e\000v\000i\000s\000\343\000o\000\040\000p\000a\000r\000a\000\040\000D\000e\000m\000a\000n\000d\000a\000\040\000I\000n\000t\000e\000r\000m\000i\000t\000e\000n\000t\000e}{mychaptercounter.2}% 33
\BOOKMARK [2][-]{subsection.2.3.1}{\376\377\0002\000.\0003\000.\0001\000\040\000L\000i\000m\000i\000t\000a\000\347\000\365\000e\000s\000\040\000d\000a\000s\000\040\000M\000\351\000t\000r\000i\000c\000a\000s\000\040\000C\000l\000\341\000s\000s\000i\000c\000a\000s}{section.2.3}% 34
\BOOKMARK [2][-]{subsection.2.3.2}{\376\377\0002\000.\0003\000.\0002\000\040\000M\000\351\000t\000r\000i\000c\000a\000s\000\040\000A\000d\000o\000t\000a\000d\000a\000s}{section.2.3}% 35
\BOOKMARK [2][-]{subsection.2.3.3}{\376\377\0002\000.\0003\000.\0003\000\040\000E\000s\000c\000o\000l\000h\000a\000\040\000d\000a\000\040\000M\000\351\000t\000r\000i\000c\000a\000\040\000P\000r\000i\000n\000c\000i\000p\000a\000l}{section.2.3}% 36
\BOOKMARK [1][-]{section.2.4}{\376\377\0002\000.\0004\000\040\000V\000a\000l\000i\000d\000a\000\347\000\343\000o\000\040\000T\000e\000m\000p\000o\000r\000a\000l\000\040\000p\000o\000r\000\040\000J\000a\000n\000e\000l\000a\000\040\000D\000e\000s\000l\000i\000z\000a\000n\000t\000e\000\040\000\050\000W\000a\000l\000k\000-\000F\000o\000r\000w\000a\000r\000d\000\051}{mychaptercounter.2}% 37
\BOOKMARK [2][-]{subsection.2.4.1}{\376\377\0002\000.\0004\000.\0001\000\040\000M\000o\000t\000i\000v\000a\000\347\000\343\000o}{section.2.4}% 38
\BOOKMARK [2][-]{subsection.2.4.2}{\376\377\0002\000.\0004\000.\0002\000\040\000P\000r\000o\000t\000o\000c\000o\000l\000o\000\040\000F\000o\000r\000m\000a\000l}{section.2.4}% 39
\BOOKMARK [2][-]{subsection.2.4.3}{\376\377\0002\000.\0004\000.\0003\000\040\000I\000m\000p\000l\000e\000m\000e\000n\000t\000a\000\347\000\343\000o\000\040\000n\000o\000\040\000P\000i\000p\000e\000l\000i\000n\000e}{section.2.4}% 40
\BOOKMARK [1][-]{section.2.5}{\376\377\0002\000.\0005\000\040\000T\000e\000s\000t\000e\000s\000\040\000E\000s\000t\000a\000t\000\355\000s\000t\000i\000c\000o\000s\000\040\000N\000\343\000o\000\040\000P\000a\000r\000a\000m\000\351\000t\000r\000i\000c\000o\000s\000\040\000p\000a\000r\000a\000\040\000C\000o\000m\000p\000a\000r\000a\000\347\000\343\000o\000\040\000d\000e\000\040\000P\000o\000l\000\355\000t\000i\000c\000a\000s}{mychaptercounter.2}% 41
\BOOKMARK [2][-]{subsection.2.5.1}{\376\377\0002\000.\0005\000.\0001\000\040\000N\000e\000c\000e\000s\000s\000i\000d\000a\000d\000e\000\040\000d\000e\000\040\000I\000n\000f\000e\000r\000\352\000n\000c\000i\000a\000\040\000E\000s\000t\000a\000t\000\355\000s\000t\000i\000c\000a}{section.2.5}% 42
\BOOKMARK [2][-]{subsection.2.5.2}{\376\377\0002\000.\0005\000.\0002\000\040\000T\000e\000s\000t\000e\000\040\000d\000e\000\040\000W\000i\000l\000c\000o\000x\000o\000n\000\040\000c\000o\000m\000\040\000S\000i\000n\000a\000l\000\040\000e\000\040\000P\000o\000s\000t\000o}{section.2.5}% 43
\BOOKMARK [2][-]{subsection.2.5.3}{\376\377\0002\000.\0005\000.\0003\000\040\000T\000e\000s\000t\000e\000\040\000d\000e\000\040\000F\000r\000i\000e\000d\000m\000a\000n\000\040\000e\000\040\000P\000o\000s\000t\000-\000h\000o\000c\000\040\000d\000e\000\040\000N\000e\000m\000e\000n\000y\000i}{section.2.5}% 44
\BOOKMARK [2][-]{subsection.2.5.4}{\376\377\0002\000.\0005\000.\0004\000\040\000T\000a\000m\000a\000n\000h\000o\000\040\000d\000e\000\040\000E\000f\000e\000i\000t\000o\000\040\000d\000e\000\040\000C\000o\000h\000e\000n}{section.2.5}% 45
\BOOKMARK [1][-]{section.2.6}{\376\377\0002\000.\0006\000\040\000A\000m\000b\000i\000e\000n\000t\000e\000\040\000d\000e\000\040\000S\000i\000m\000u\000l\000a\000\347\000\343\000o\000\040\000e\000\040\000F\000o\000r\000m\000u\000l\000a\000\347\000\343\000o\000\040\000M\000D\000P}{mychaptercounter.2}% 46
\BOOKMARK [1][-]{section.2.7}{\376\377\0002\000.\0007\000\040\000A\000r\000c\000a\000b\000o\000u\000\347\000o\000\040\000T\000e\000c\000n\000o\000l\000\363\000g\000i\000c\000o\000:\000\040\000K\000e\000d\000r\000o\000\040\000e\000\040\000R\000e\000p\000r\000o\000d\000u\000t\000i\000b\000i\000l\000i\000d\000a\000d\000e}{mychaptercounter.2}% 47
\BOOKMARK [2][-]{subsection.2.7.1}{\376\377\0002\000.\0007\000.\0001\000\040\000K\000e\000d\000r\000o\000\040\000c\000o\000m\000o\000\040\000O\000r\000q\000u\000e\000s\000t\000r\000a\000d\000o\000r\000\040\000d\000e\000\040\000P\000i\000p\000e\000l\000i\000n\000e}{section.2.7}% 48
\BOOKMARK [2][-]{subsection.2.7.2}{\376\377\0002\000.\0007\000.\0002\000\040\000E\000s\000t\000r\000u\000t\000u\000r\000a\000\040\000d\000o\000\040\000C\000a\000t\000\341\000l\000o\000g\000o\000\040\000d\000e\000\040\000D\000a\000d\000o\000s}{section.2.7}% 49
\BOOKMARK [2][-]{subsection.2.7.3}{\376\377\0002\000.\0007\000.\0003\000\040\000R\000e\000p\000r\000o\000d\000u\000t\000i\000b\000i\000l\000i\000d\000a\000d\000e\000\040\000E\000x\000p\000e\000r\000i\000m\000e\000n\000t\000a\000l}{section.2.7}% 50
\BOOKMARK [0][-]{mychaptercounter.3}{\376\377\0003\000\040\000M\000e\000t\000o\000d\000o\000l\000o\000g\000i\000a}{}% 51
\BOOKMARK [1][-]{section.3.1}{\376\377\0003\000.\0001\000\040\000F\000o\000r\000m\000u\000l\000a\000\347\000\343\000o\000\040\000d\000o\000\040\000P\000r\000o\000b\000l\000e\000m\000a\000\040\000d\000e\000\040\000O\000t\000i\000m\000i\000z\000a\000\347\000\343\000o\000\040\000d\000e\000\040\000I\000n\000v\000e\000n\000t\000\341\000r\000i\000o\000\040\000e\000m\000\040\000R\000e\000d\000e\000s\000\040\000V\000a\000r\000e\000j\000i\000s\000t\000a\000s}{mychaptercounter.3}% 52
\BOOKMARK [2][-]{subsection.3.1.1}{\376\377\0003\000.\0001\000.\0001\000\040\000D\000e\000f\000i\000n\000i\000\347\000\343\000o\000\040\000d\000e\000\040\000P\000o\000l\000\355\000t\000i\000c\000a\000\040\000e\000\040\000E\000s\000p\000a\000\347\000o\000\040\000d\000e\000\040\000D\000e\000c\000i\000s\000\343\000o}{section.3.1}% 53
\BOOKMARK [2][-]{subsection.3.1.2}{\376\377\0003\000.\0001\000.\0002\000\040\000D\000e\000f\000i\000n\000i\000\347\000\343\000o\000\040\000F\000o\000r\000m\000a\000l\000\040\000d\000o\000\040\000P\000r\000o\000b\000l\000e\000m\000a}{section.3.1}% 54
\BOOKMARK [2][-]{subsection.3.1.3}{\376\377\0003\000.\0001\000.\0003\000\040\000E\000s\000t\000r\000u\000t\000u\000r\000a\000\040\000d\000a\000\040\000R\000e\000d\000e\000\040\000V\000a\000r\000e\000j\000i\000s\000t\000a}{section.3.1}% 55
\BOOKMARK [2][-]{subsection.3.1.4}{\376\377\0003\000.\0001\000.\0004\000\040\000M\000\351\000t\000r\000i\000c\000a\000s\000\040\000d\000e\000\040\000A\000v\000a\000l\000i\000a\000\347\000\343\000o}{section.3.1}% 56
\BOOKMARK [1][-]{section.3.2}{\376\377\0003\000.\0002\000\040\000D\000a\000d\000o\000s\000\040\000e\000\040\000P\000r\000\351\000-\000P\000r\000o\000c\000e\000s\000s\000a\000m\000e\000n\000t\000o}{mychaptercounter.3}% 57
\BOOKMARK [2][-]{subsection.3.2.1}{\376\377\0003\000.\0002\000.\0001\000\040\000B\000a\000s\000e\000\040\000d\000e\000\040\000D\000a\000d\000o\000s}{section.3.2}% 58
\BOOKMARK [2][-]{subsection.3.2.2}{\376\377\0003\000.\0002\000.\0002\000\040\000E\000s\000t\000r\000u\000t\000u\000r\000a\000\040\000T\000e\000m\000p\000o\000r\000a\000l}{section.3.2}% 59
\BOOKMARK [2][-]{subsection.3.2.3}{\376\377\0003\000.\0002\000.\0003\000\040\000C\000l\000a\000s\000s\000i\000f\000i\000c\000a\000\347\000\343\000o\000\040\000p\000o\000r\000\040\000R\000e\000g\000i\000m\000e\000\040\000d\000e\000\040\000D\000e\000m\000a\000n\000d\000a}{section.3.2}% 60
\BOOKMARK [2][-]{subsection.3.2.4}{\376\377\0003\000.\0002\000.\0004\000\040\000P\000i\000p\000e\000l\000i\000n\000e\000\040\000d\000e\000\040\000P\000r\000\351\000-\000P\000r\000o\000c\000e\000s\000s\000a\000m\000e\000n\000t\000o}{section.3.2}% 61
\BOOKMARK [1][-]{section.3.3}{\376\377\0003\000.\0003\000\040\000M\000\363\000d\000u\000l\000o\000\040\000d\000e\000\040\000P\000r\000e\000v\000i\000s\000\343\000o\000\040\000d\000e\000\040\000D\000e\000m\000a\000n\000d\000a}{mychaptercounter.3}% 62
\BOOKMARK [2][-]{subsection.3.3.1}{\376\377\0003\000.\0003\000.\0001\000\040\000M\000o\000d\000e\000l\000o\000s\000\040\000C\000o\000n\000s\000i\000d\000e\000r\000a\000d\000o\000s}{section.3.3}% 63
\BOOKMARK [2][-]{subsection.3.3.2}{\376\377\0003\000.\0003\000.\0002\000\040\000P\000r\000o\000t\000o\000c\000o\000l\000o\000\040\000d\000e\000\040\000V\000a\000l\000i\000d\000a\000\347\000\343\000o\000\040\000W\000a\000l\000k\000-\000F\000o\000r\000w\000a\000r\000d}{section.3.3}% 64
\BOOKMARK [2][-]{subsection.3.3.3}{\376\377\0003\000.\0003\000.\0003\000\040\000C\000a\000l\000i\000b\000r\000a\000\347\000\343\000o\000\040\000A\000d\000a\000p\000t\000a\000t\000i\000v\000a\000\040\000p\000o\000r\000\040\000L\000o\000j\000a}{section.3.3}% 65
\BOOKMARK [1][-]{section.3.4}{\376\377\0003\000.\0004\000\040\000P\000o\000l\000\355\000t\000i\000c\000a\000s\000\040\000d\000e\000\040\000C\000o\000n\000t\000r\000o\000l\000e\000\040\000d\000e\000\040\000I\000n\000v\000e\000n\000t\000\341\000r\000i\000o}{mychaptercounter.3}% 66
\BOOKMARK [2][-]{subsection.3.4.1}{\376\377\0003\000.\0004\000.\0001\000\040\000P\000o\000l\000\355\000t\000i\000c\000a\000s\000\040\000C\000l\000\341\000s\000s\000i\000c\000a\000s}{section.3.4}% 67
\BOOKMARK [2][-]{subsection.3.4.2}{\376\377\0003\000.\0004\000.\0002\000\040\000M\000e\000t\000a\000-\000H\000e\000u\000r\000\355\000s\000t\000i\000c\000a\000s\000\040\000d\000e\000\040\000O\000t\000i\000m\000i\000z\000a\000\347\000\343\000o}{section.3.4}% 68
\BOOKMARK [2][-]{subsection.3.4.3}{\376\377\0003\000.\0004\000.\0003\000\040\000A\000g\000e\000n\000t\000e\000s\000\040\000d\000e\000\040\000A\000p\000r\000e\000n\000d\000i\000z\000a\000d\000o\000\040\000p\000o\000r\000\040\000R\000e\000f\000o\000r\000\347\000o}{section.3.4}% 69
\BOOKMARK [2][-]{subsection.3.4.4}{\376\377\0003\000.\0004\000.\0004\000\040\000A\000r\000q\000u\000i\000t\000e\000t\000u\000r\000a\000\040\000H\000\355\000b\000r\000i\000d\000a\000\040\000G\000A\000-\000R\000L\000\040\000\050\000C\000o\000n\000t\000r\000i\000b\000u\000i\000\347\000\343\000o\000\040\000C\000e\000n\000t\000r\000a\000l\000\051}{section.3.4}% 70
\BOOKMARK [1][-]{section.3.5}{\376\377\0003\000.\0005\000\040\000A\000m\000b\000i\000e\000n\000t\000e\000\040\000d\000e\000\040\000S\000i\000m\000u\000l\000a\000\347\000\343\000o}{mychaptercounter.3}% 71
\BOOKMARK [2][-]{subsection.3.5.1}{\376\377\0003\000.\0005\000.\0001\000\040\000I\000n\000v\000e\000n\000t\000o\000r\000y\000E\000n\000v}{section.3.5}% 72
\BOOKMARK [2][-]{subsection.3.5.2}{\376\377\0003\000.\0005\000.\0002\000\040\000C\000o\000n\000f\000i\000g\000u\000r\000a\000\347\000\343\000o\000\040\000d\000e\000\040\000C\000u\000s\000t\000o\000s}{section.3.5}% 73
\BOOKMARK [1][-]{section.3.6}{\376\377\0003\000.\0006\000\040\000V\000a\000l\000i\000d\000a\000\347\000\343\000o\000\040\000E\000s\000t\000a\000t\000\355\000s\000t\000i\000c\000a}{mychaptercounter.3}% 74
\BOOKMARK [1][-]{section.3.7}{\376\377\0003\000.\0007\000\040\000M\000\363\000d\000u\000l\000o\000\040\000d\000e\000\040\000E\000n\000g\000e\000n\000h\000a\000r\000i\000a\000\040\000d\000e\000\040\000F\000e\000a\000t\000u\000r\000e\000s\000\040\000O\000p\000e\000r\000a\000c\000i\000o\000n\000a\000i\000s\000\040\000\050\000d\000e\000m\000a\000n\000d\000\137\000p\000r\000o\000f\000i\000l\000i\000n\000g\000\051}{mychaptercounter.3}% 75
\BOOKMARK [2][-]{subsection.3.7.1}{\376\377\0003\000.\0007\000.\0001\000\040\000M\000o\000t\000i\000v\000a\000\347\000\343\000o\000\040\000e\000\040\000o\000b\000j\000e\000t\000i\000v\000o\000s}{section.3.7}% 76
\BOOKMARK [2][-]{subsection.3.7.2}{\376\377\0003\000.\0007\000.\0002\000\040\000F\000e\000a\000t\000u\000r\000e\000s\000\040\000c\000a\000l\000c\000u\000l\000a\000d\000a\000s}{section.3.7}% 77
\BOOKMARK [2][-]{subsection.3.7.3}{\376\377\0003\000.\0007\000.\0003\000\040\000P\000e\000r\000f\000i\000s\000\040\000O\000p\000e\000r\000a\000c\000i\000o\000n\000a\000i\000s\000\040\000d\000e\000\040\000D\000e\000m\000a\000n\000d\000a}{section.3.7}% 78
\BOOKMARK [1][-]{section.3.8}{\376\377\0003\000.\0008\000\040\000M\000\363\000d\000u\000l\000o\000\040\000d\000e\000\040\000S\000e\000l\000e\000\347\000\343\000o\000\040\000A\000d\000a\000p\000t\000a\000t\000i\000v\000a\000\040\000d\000e\000\040\000P\000o\000l\000\355\000t\000i\000c\000a\000\040\000\050\000p\000o\000l\000i\000c\000y\000\137\000s\000e\000l\000e\000c\000t\000i\000o\000n\000\051}{mychaptercounter.3}% 79
\BOOKMARK [2][-]{subsection.3.8.1}{\376\377\0003\000.\0008\000.\0001\000\040\000F\000u\000n\000d\000a\000m\000e\000n\000t\000a\000\347\000\343\000o\000:\000\040\000m\000e\000t\000a\000-\000a\000p\000r\000e\000n\000d\000i\000z\000a\000d\000o\000\040\000p\000a\000r\000a\000\040\000s\000e\000l\000e\000\347\000\343\000o\000\040\000d\000e\000\040\000p\000o\000l\000\355\000t\000i\000c\000a}{section.3.8}% 80
\BOOKMARK [2][-]{subsection.3.8.2}{\376\377\0003\000.\0008\000.\0002\000\040\000F\000o\000r\000m\000u\000l\000a\000\347\000\343\000o\000\040\000d\000o\000\040\000p\000r\000o\000b\000l\000e\000m\000a\000\040\000d\000e\000\040\000s\000e\000l\000e\000\347\000\343\000o}{section.3.8}% 81
\BOOKMARK [2][-]{subsection.3.8.3}{\376\377\0003\000.\0008\000.\0003\000\040\000G\000e\000r\000a\000\347\000\343\000o\000\040\000d\000e\000\040\000r\000\363\000t\000u\000l\000o\000s}{section.3.8}% 82
\BOOKMARK [2][-]{subsection.3.8.4}{\376\377\0003\000.\0008\000.\0004\000\040\000C\000l\000a\000s\000s\000i\000f\000i\000c\000a\000d\000o\000r\000\040\000e\000\040\000v\000a\000l\000i\000d\000a\000\347\000\343\000o}{section.3.8}% 83
\BOOKMARK [2][-]{subsection.3.8.5}{\376\377\0003\000.\0008\000.\0005\000\040\000S\000a\000\355\000d\000a\000s\000\040\000d\000o\000\040\000m\000\363\000d\000u\000l\000o}{section.3.8}% 84
\BOOKMARK [1][-]{section.3.9}{\376\377\0003\000.\0009\000\040\000G\000e\000r\000a\000\347\000\343\000o\000\040\000d\000e\000\040\000R\000e\000l\000a\000t\000\363\000r\000i\000o\000s\000\040\000e\000\040\000V\000i\000s\000u\000a\000l\000i\000z\000a\000\347\000\365\000e\000s\000\040\000\050\000r\000e\000p\000o\000r\000t\000i\000n\000g\000\051}{mychaptercounter.3}% 85
\BOOKMARK [2][-]{subsection.3.9.1}{\376\377\0003\000.\0009\000.\0001\000\040\000F\000i\000g\000u\000r\000a\000s\000\040\000d\000e\000\040\000c\000o\000m\000p\000a\000r\000a\000\347\000\343\000o\000\040\000d\000e\000\040\000p\000o\000l\000\355\000t\000i\000c\000a\000s}{section.3.9}% 86
\BOOKMARK [2][-]{subsection.3.9.2}{\376\377\0003\000.\0009\000.\0002\000\040\000F\000i\000g\000u\000r\000a\000s\000\040\000d\000e\000\040\000v\000a\000l\000i\000d\000a\000\347\000\343\000o\000\040\000e\000s\000t\000a\000t\000\355\000s\000t\000i\000c\000a}{section.3.9}% 87
\BOOKMARK [2][-]{subsection.3.9.3}{\376\377\0003\000.\0009\000.\0003\000\040\000C\000a\000r\000a\000c\000t\000e\000r\000i\000z\000a\000\347\000\343\000o\000\040\000d\000a\000\040\000d\000e\000m\000a\000n\000d\000a\000\040\000e\000\040\000q\000u\000a\000l\000i\000d\000a\000d\000e\000\040\000d\000e\000\040\000p\000r\000e\000v\000i\000s\000\343\000o}{section.3.9}% 88
\BOOKMARK [2][-]{subsection.3.9.4}{\376\377\0003\000.\0009\000.\0004\000\040\000M\000a\000p\000a\000s\000\040\000g\000e\000o\000g\000r\000\341\000f\000i\000c\000o\000s}{section.3.9}% 89
\BOOKMARK [2][-]{subsection.3.9.5}{\376\377\0003\000.\0009\000.\0005\000\040\000T\000a\000b\000e\000l\000a\000s\000\040\000L\000a\000T\000e\000X\000\040\000e\000\040\000r\000e\000l\000a\000t\000\363\000r\000i\000o\000\040\000d\000e\000\040\000r\000e\000c\000o\000m\000e\000n\000d\000a\000\347\000\365\000e\000s}{section.3.9}% 90
\BOOKMARK [2][-]{subsection.3.9.6}{\376\377\0003\000.\0009\000.\0006\000\040\000A\000r\000t\000e\000f\000a\000t\000o\000s\000\040\000d\000o\000\040\000A\000I\000P\000E\000\040\000p\000a\000r\000a\000\040\000a\000\040\000d\000i\000s\000s\000e\000r\000t\000a\000\347\000\343\000o}{section.3.9}% 91
\BOOKMARK [1][-]{section.3.10}{\376\377\0003\000.\0001\0000\000\040\000P\000i\000p\000e\000l\000i\000n\000e\000\040\000d\000e\000\040\000R\000o\000l\000l\000i\000n\000g\000\040\000H\000o\000r\000i\000z\000o\000n\000\040\000\050\000F\000a\000s\000e\000\040\0002\000\051}{mychaptercounter.3}% 92
\BOOKMARK [1][-]{section.3.11}{\376\377\0003\000.\0001\0001\000\040\000P\000r\000o\000t\000o\000c\000o\000l\000o\000\040\000E\000x\000p\000e\000r\000i\000m\000e\000n\000t\000a\000l\000\040\000e\000\040\000R\000e\000p\000r\000o\000d\000u\000t\000i\000b\000i\000l\000i\000d\000a\000d\000e}{mychaptercounter.3}% 93
\BOOKMARK [2][-]{subsection.3.11.1}{\376\377\0003\000.\0001\0001\000.\0001\000\040\000E\000s\000c\000o\000p\000o\000\040\000e\000\040\000R\000e\000p\000l\000i\000c\000a\000\347\000\365\000e\000s}{section.3.11}% 94
\BOOKMARK [2][-]{subsection.3.11.2}{\376\377\0003\000.\0001\0001\000.\0002\000\040\000R\000e\000p\000r\000o\000d\000u\000t\000i\000b\000i\000l\000i\000d\000a\000d\000e}{section.3.11}% 95
\BOOKMARK [0][-]{mychaptercounter.4}{\376\377\0004\000\040\000R\000e\000s\000u\000l\000t\000a\000d\000o\000s\000\040\000P\000r\000e\000l\000i\000m\000i\000n\000a\000r\000e\000s}{}% 96
\BOOKMARK [1][-]{section.4.1}{\376\377\0004\000.\0001\000\040\000C\000a\000r\000a\000c\000t\000e\000r\000i\000z\000a\000\347\000\343\000o\000\040\000d\000o\000\040\000D\000a\000t\000a\000s\000e\000t\000\040\000e\000\040\000D\000i\000s\000t\000r\000i\000b\000u\000i\000\347\000\343\000o\000\040\000G\000e\000o\000g\000r\000\341\000f\000i\000c\000a}{mychaptercounter.4}% 97
\BOOKMARK [1][-]{section.4.2}{\376\377\0004\000.\0002\000\040\000C\000o\000m\000p\000a\000r\000a\000\347\000\343\000o\000\040\000G\000l\000o\000b\000a\000l\000\040\000e\000n\000t\000r\000e\000\040\000P\000o\000l\000\355\000t\000i\000c\000a\000s}{mychaptercounter.4}% 98
\BOOKMARK [1][-]{section.4.3}{\376\377\0004\000.\0003\000\040\000A\000n\000\341\000l\000i\000s\000e\000\040\000E\000s\000t\000r\000a\000t\000i\000f\000i\000c\000a\000d\000a\000\040\000p\000o\000r\000\040\000V\000o\000l\000u\000m\000e\000\040\000d\000e\000\040\000D\000e\000m\000a\000n\000d\000a}{mychaptercounter.4}% 99
\BOOKMARK [1][-]{section.4.4}{\376\377\0004\000.\0004\000\040\000M\000e\000c\000a\000n\000i\000s\000m\000o\000s\000\040\000E\000x\000p\000l\000i\000c\000a\000t\000i\000v\000o\000s}{mychaptercounter.4}% 100
\BOOKMARK [1][-]{section.4.5}{\376\377\0004\000.\0005\000\040\000P\000o\000s\000i\000c\000i\000o\000n\000a\000m\000e\000n\000t\000o\000\040\000e\000m\000\040\000R\000e\000l\000a\000\347\000\343\000o\000\040\000\340\000\040\000L\000i\000t\000e\000r\000a\000t\000u\000r\000a}{mychaptercounter.4}% 101
\BOOKMARK [1][-]{section.4.6}{\376\377\0004\000.\0006\000\040\000R\000e\000s\000u\000l\000t\000a\000d\000o\000s\000\040\000d\000a\000\040\000F\000a\000s\000e\000\040\0002\000:\000\040\000E\000x\000p\000a\000n\000s\000\343\000o\000\040\000p\000a\000r\000a\000\040\0001\0004\0005\000\040\000S\000\351\000r\000i\000e\000s\000\040\000\050\000B\000a\000h\000i\000a\000\051}{mychaptercounter.4}% 102
\BOOKMARK [2][-]{subsection.4.6.1}{\376\377\0004\000.\0006\000.\0001\000\040\000C\000o\000m\000p\000a\000r\000a\000\347\000\343\000o\000\040\000G\000l\000o\000b\000a\000l\000\040\000e\000n\000t\000r\000e\000\040\000P\000o\000l\000\355\000t\000i\000c\000a\000s}{section.4.6}% 103
\BOOKMARK [2][-]{subsection.4.6.2}{\376\377\0004\000.\0006\000.\0002\000\040\000A\000n\000\341\000l\000i\000s\000e\000\040\000E\000s\000t\000r\000a\000t\000i\000f\000i\000c\000a\000d\000a\000\040\000p\000o\000r\000\040\000F\000i\000l\000i\000a\000l\000\040\000e\000\040\000S\000e\000g\000m\000e\000n\000t\000o}{section.4.6}% 104
\BOOKMARK [2][-]{subsection.4.6.3}{\376\377\0004\000.\0006\000.\0003\000\040\000H\000e\000t\000e\000r\000o\000g\000e\000n\000e\000i\000d\000a\000d\000e\000\040\000e\000\040\000F\000u\000n\000d\000a\000m\000e\000n\000t\000o\000\040\000d\000o\000\040\000A\000I\000P\000E}{section.4.6}% 105
\BOOKMARK [1][-]{section.4.7}{\376\377\0004\000.\0007\000\040\000V\000a\000l\000i\000d\000a\000\347\000\343\000o\000\040\000E\000s\000t\000a\000t\000\355\000s\000t\000i\000c\000a\000\040\000F\000o\000r\000m\000a\000l}{mychaptercounter.4}% 106
\BOOKMARK [2][-]{subsection.4.7.1}{\376\377\0004\000.\0007\000.\0001\000\040\000T\000e\000s\000t\000e\000s\000\040\000d\000e\000\040\000W\000i\000l\000c\000o\000x\000o\000n\000\040\000S\000i\000g\000n\000e\000d\000-\000R\000a\000n\000k}{section.4.7}% 107
\BOOKMARK [2][-]{subsection.4.7.2}{\376\377\0004\000.\0007\000.\0002\000\040\000T\000a\000m\000a\000n\000h\000o\000\040\000d\000e\000\040\000E\000f\000e\000i\000t\000o\000\040\000d\000e\000\040\000C\000o\000h\000e\000n}{section.4.7}% 108
\BOOKMARK [1][-]{section.4.8}{\376\377\0004\000.\0008\000\040\000Q\000u\000a\000l\000i\000d\000a\000d\000e\000\040\000d\000a\000\040\000P\000r\000e\000v\000i\000s\000\343\000o\000\040\000d\000e\000\040\000D\000e\000m\000a\000n\000d\000a}{mychaptercounter.4}% 109
\BOOKMARK [1][-]{section.4.9}{\376\377\0004\000.\0009\000\040\000P\000o\000s\000i\000c\000i\000o\000n\000a\000m\000e\000n\000t\000o\000\040\000e\000m\000\040\000R\000e\000l\000a\000\347\000\343\000o\000\040\000\340\000\040\000L\000i\000t\000e\000r\000a\000t\000u\000r\000a}{mychaptercounter.4}% 110
\BOOKMARK [1][-]{section.4.10}{\376\377\0004\000.\0001\0000\000\040\000L\000i\000m\000i\000t\000a\000\347\000\365\000e\000s\000\040\000e\000\040\000T\000r\000a\000b\000a\000l\000h\000o\000\040\000e\000m\000\040\000A\000n\000d\000a\000m\000e\000n\000t\000o}{mychaptercounter.4}% 111
\BOOKMARK [0][-]{mychaptercounter.5}{\376\377\0005\000\040\000C\000o\000n\000s\000i\000d\000e\000r\000a\000\347\000\365\000e\000s\000\040\000F\000i\000n\000a\000i\000s\000\040\000e\000\040\000C\000r\000o\000n\000o\000g\000r\000a\000m\000a}{}% 112
\BOOKMARK [1][-]{section.5.1}{\376\377\0005\000.\0001\000\040\000S\000\355\000n\000t\000e\000s\000e\000\040\000d\000a\000s\000\040\000C\000o\000n\000t\000r\000i\000b\000u\000i\000\347\000\365\000e\000s}{mychaptercounter.5}% 113
\BOOKMARK [1][-]{section.5.2}{\376\377\0005\000.\0002\000\040\000R\000e\000s\000u\000l\000t\000a\000d\000o\000s\000\040\000P\000r\000i\000n\000c\000i\000p\000a\000i\000s\000\040\000d\000a\000\040\000F\000a\000s\000e\000\040\0002}{mychaptercounter.5}% 114
\BOOKMARK [1][-]{section.5.3}{\376\377\0005\000.\0003\000\040\000I\000m\000p\000l\000i\000c\000a\000\347\000\365\000e\000s\000\040\000P\000r\000\341\000t\000i\000c\000a\000s}{mychaptercounter.5}% 115
\BOOKMARK [1][-]{section.5.4}{\376\377\0005\000.\0004\000\040\000T\000r\000a\000b\000a\000l\000h\000o\000s\000\040\000F\000u\000t\000u\000r\000o\000s\000\040\000\050\000F\000a\000s\000e\000\040\0003\000:\000\040\000E\000x\000p\000a\000n\000s\000\343\000o\000\040\000N\000a\000c\000i\000o\000n\000a\000l\000\051}{mychaptercounter.5}% 116
\BOOKMARK [1][-]{section.5.5}{\376\377\0005\000.\0005\000\040\000C\000r\000o\000n\000o\000g\000r\000a\000m\000a}{mychaptercounter.5}% 117
\BOOKMARK [1][-]{bib4.1}{\376\377\000B\000i\000b\000l\000i\000o\000g\000r\000a\000p\000h\000y}{mychaptercounter.5}% 118
